<?xml version="1.0" encoding="UTF-8"?>
<testng-results ignored="0" total="1" passed="1" failed="0" skipped="0">
  <reporter-output>
  </reporter-output>
  <suite started-at="2024-06-10T15:23:51 EET" name="Default suite" finished-at="2024-06-10T15:23:53 EET" duration-ms="1725">
    <groups>
    </groups>
    <test started-at="2024-06-10T15:23:51 EET" name="Default test" finished-at="2024-06-10T15:23:53 EET" duration-ms="1725">
      <class name="Task">
        <test-method is-config="true" signature="mySetup()[pri:0, instance:Task@54dcfa5a]" started-at="2024-06-10T15:23:51 EET" name="mySetup" finished-at="2024-06-10T15:23:53 EET" duration-ms="1421" status="PASS">
          <reporter-output>
          </reporter-output>
        </test-method> <!-- mySetup -->
        <test-method signature="addEveryItemabove15()[pri:0, instance:Task@54dcfa5a]" started-at="2024-06-10T15:23:53 EET" name="addEveryItemabove15" finished-at="2024-06-10T15:23:53 EET" duration-ms="268" status="PASS">
          <reporter-output>
          </reporter-output>
        </test-method> <!-- addEveryItemabove15 -->
      </class> <!-- Task -->
    </test> <!-- Default test -->
  </suite> <!-- Default suite -->
</testng-results>
